# JRE version: Java(TM) SE Runtime Environment (8.0_20-b26) (build 1.8.0_20-b26)
# Java VM: Java HotSpot(TM) 64-Bit Server VM (25.20-b23 mixed mode windows-amd64 compressed oops)
Heap:
 PSYoungGen      total 220160K, used 24407K [0x00000000d5b80000, 0x00000000e4300000, 0x0000000100000000)
  eden space 211968K, 11% used [0x00000000d5b80000,0x00000000d7355d50,0x00000000e2a80000)
  from space 8192K, 0% used [0x00000000e3b00000,0x00000000e3b00000,0x00000000e4300000)
  to   space 11776K, 0% used [0x00000000e2c00000,0x00000000e2c00000,0x00000000e3780000)
 ParOldGen       total 96768K, used 19406K [0x0000000081200000, 0x0000000087080000, 0x00000000d5b80000)
  object space 96768K, 20% used [0x0000000081200000,0x00000000824f3968,0x0000000087080000)
 Metaspace       used 35799K, capacity 36031K, committed 36520K, reserved 1081344K
  class space    used 4232K, capacity 4290K, committed 4352K, reserved 1048576K
GC Heap History (10 events):
Event: 2.955 GC heap before
{Heap before GC invocations=6 (full 1):
 PSYoungGen      total 102912K, used 102900K [0x00000000d5b80000, 0x00000000dc580000, 0x0000000100000000)
  eden space 97792K, 100% used [0x00000000d5b80000,0x00000000dbb00000,0x00000000dbb00000)
  from space 5120K, 99% used [0x00000000dc080000,0x00000000dc57d2b8,0x00000000dc580000)
  to   space 5120K, 0% used [0x00000000dbb80000,0x00000000dbb80000,0x00000000dc080000)
 ParOldGen       total 56320K, used 6005K [0x0000000081200000, 0x0000000084900000, 0x00000000d5b80000)
  object space 56320K, 10% used [0x0000000081200000,0x00000000817dd680,0x0000000084900000)
 Metaspace       used 28779K, capacity 29017K, committed 29440K, reserved 1075200K
  class space    used 3459K, capacity 3545K, committed 3584K, reserved 1048576K
Event: 2.963 GC heap after
Heap after GC invocations=6 (full 1):
 PSYoungGen      total 103424K, used 4213K [0x00000000d5b80000, 0x00000000df900000, 0x0000000100000000)
  eden space 98304K, 0% used [0x00000000d5b80000,0x00000000d5b80000,0x00000000dbb80000)
  from space 5120K, 82% used [0x00000000dbb80000,0x00000000dbf9d750,0x00000000dc080000)
  to   space 7168K, 0% used [0x00000000df200000,0x00000000df200000,0x00000000df900000)
 ParOldGen       total 56320K, used 6013K [0x0000000081200000, 0x0000000084900000, 0x00000000d5b80000)
  object space 56320K, 10% used [0x0000000081200000,0x00000000817df680,0x0000000084900000)
 Metaspace       used 28779K, capacity 29017K, committed 29440K, reserved 1075200K
  class space    used 3459K, capacity 3545K, committed 3584K, reserved 1048576K
}
Event: 3.097 GC heap before
{Heap before GC invocations=7 (full 1):
 PSYoungGen      total 103424K, used 102517K [0x00000000d5b80000, 0x00000000df900000, 0x0000000100000000)
  eden space 98304K, 100% used [0x00000000d5b80000,0x00000000dbb80000,0x00000000dbb80000)
  from space 5120K, 82% used [0x00000000dbb80000,0x00000000dbf9d750,0x00000000dc080000)
  to   space 7168K, 0% used [0x00000000df200000,0x00000000df200000,0x00000000df900000)
 ParOldGen       total 56320K, used 6013K [0x0000000081200000, 0x0000000084900000, 0x00000000d5b80000)
  object space 56320K, 10% used [0x0000000081200000,0x00000000817df680,0x0000000084900000)
 Metaspace       used 29678K, capacity 29913K, committed 30336K, reserved 1075200K
  class space    used 3554K, capacity 3609K, committed 3712K, reserved 1048576K
Event: 3.105 GC heap after
Heap after GC invocations=7 (full 1):
 PSYoungGen      total 154112K, used 4667K [0x00000000d5b80000, 0x00000000dfd80000, 0x0000000100000000)
  eden space 146944K, 0% used [0x00000000d5b80000,0x00000000d5b80000,0x00000000deb00000)
  from space 7168K, 65% used [0x00000000df200000,0x00000000df68ed30,0x00000000df900000)
  to   space 7168K, 0% used [0x00000000deb00000,0x00000000deb00000,0x00000000df200000)
 ParOldGen       total 56320K, used 6021K [0x0000000081200000, 0x0000000084900000, 0x00000000d5b80000)
  object space 56320K, 10% used [0x0000000081200000,0x00000000817e1680,0x0000000084900000)
 Metaspace       used 29678K, capacity 29913K, committed 30336K, reserved 1075200K
  class space    used 3554K, capacity 3609K, committed 3712K, reserved 1048576K
}
Event: 4.215 GC heap before
{Heap before GC invocations=8 (full 1):
 PSYoungGen      total 154112K, used 151611K [0x00000000d5b80000, 0x00000000dfd80000, 0x0000000100000000)
  eden space 146944K, 100% used [0x00000000d5b80000,0x00000000deb00000,0x00000000deb00000)
  from space 7168K, 65% used [0x00000000df200000,0x00000000df68ed30,0x00000000df900000)
  to   space 7168K, 0% used [0x00000000deb00000,0x00000000deb00000,0x00000000df200000)
 ParOldGen       total 56320K, used 6021K [0x0000000081200000, 0x0000000084900000, 0x00000000d5b80000)
  object space 56320K, 10% used [0x0000000081200000,0x00000000817e1680,0x0000000084900000)
 Metaspace       used 32550K, capacity 32823K, committed 33280K, reserved 1079296K
  class space    used 3993K, capacity 4062K, committed 4096K, reserved 1048576K
Event: 4.232 GC heap after
Heap after GC invocations=8 (full 1):
 PSYoungGen      total 154112K, used 7162K [0x00000000d5b80000, 0x00000000e4300000, 0x0000000100000000)
  eden space 146944K, 0% used [0x00000000d5b80000,0x00000000d5b80000,0x00000000deb00000)
  from space 7168K, 99% used [0x00000000deb00000,0x00000000df1fe9c8,0x00000000df200000)
  to   space 8192K, 0% used [0x00000000e3b00000,0x00000000e3b00000,0x00000000e4300000)
 ParOldGen       total 56320K, used 6029K [0x0000000081200000, 0x0000000084900000, 0x00000000d5b80000)
  object space 56320K, 10% used [0x0000000081200000,0x00000000817e3680,0x0000000084900000)
 Metaspace       used 32550K, capacity 32823K, committed 33280K, reserved 1079296K
  class space    used 3993K, capacity 4062K, committed 4096K, reserved 1048576K
}
Event: 8.471 GC heap before
{Heap before GC invocations=9 (full 1):
 PSYoungGen      total 154112K, used 81462K [0x00000000d5b80000, 0x00000000e4300000, 0x0000000100000000)
  eden space 146944K, 50% used [0x00000000d5b80000,0x00000000da40ef70,0x00000000deb00000)
  from space 7168K, 99% used [0x00000000deb00000,0x00000000df1fe9c8,0x00000000df200000)
  to   space 8192K, 0% used [0x00000000e3b00000,0x00000000e3b00000,0x00000000e4300000)
 ParOldGen       total 56320K, used 6029K [0x0000000081200000, 0x0000000084900000, 0x00000000d5b80000)
  object space 56320K, 10% used [0x0000000081200000,0x00000000817e3680,0x0000000084900000)
 Metaspace       used 34947K, capacity 35145K, committed 35496K, reserved 1081344K
  class space    used 4205K, capacity 4257K, committed 4352K, reserved 1048576K
Event: 8.492 GC heap after
Heap after GC invocations=9 (full 1):
 PSYoungGen      total 220160K, used 8179K [0x00000000d5b80000, 0x00000000e4300000, 0x0000000100000000)
  eden space 211968K, 0% used [0x00000000d5b80000,0x00000000d5b80000,0x00000000e2a80000)
  from space 8192K, 99% used [0x00000000e3b00000,0x00000000e42fcca0,0x00000000e4300000)
  to   space 11776K, 0% used [0x00000000e2c00000,0x00000000e2c00000,0x00000000e3780000)
 ParOldGen       total 56320K, used 12384K [0x0000000081200000, 0x0000000084900000, 0x00000000d5b80000)
  object space 56320K, 21% used [0x0000000081200000,0x0000000081e18180,0x0000000084900000)
 Metaspace       used 34947K, capacity 35145K, committed 35496K, reserved 1081344K
  class space    used 4205K, capacity 4257K, committed 4352K, reserved 1048576K
}
Event: 8.492 GC heap before
{Heap before GC invocations=10 (full 2):
 PSYoungGen      total 220160K, used 8179K [0x00000000d5b80000, 0x00000000e4300000, 0x0000000100000000)
  eden space 211968K, 0% used [0x00000000d5b80000,0x00000000d5b80000,0x00000000e2a80000)
  from space 8192K, 99% used [0x00000000e3b00000,0x00000000e42fcca0,0x00000000e4300000)
  to   space 11776K, 0% used [0x00000000e2c00000,0x00000000e2c00000,0x00000000e3780000)
 ParOldGen       total 56320K, used 12384K [0x0000000081200000, 0x0000000084900000, 0x00000000d5b80000)
  object space 56320K, 21% used [0x0000000081200000,0x0000000081e18180,0x0000000084900000)
 Metaspace       used 34947K, capacity 35145K, committed 35496K, reserved 1081344K
  class space    used 4205K, capacity 4257K, committed 4352K, reserved 1048576K
Event: 8.629 GC heap after
Heap after GC invocations=10 (full 2):
 PSYoungGen      total 220160K, used 0K [0x00000000d5b80000, 0x00000000e4300000, 0x0000000100000000)
  eden space 211968K, 0% used [0x00000000d5b80000,0x00000000d5b80000,0x00000000e2a80000)
  from space 8192K, 0% used [0x00000000e3b00000,0x00000000e3b00000,0x00000000e4300000)
  to   space 11776K, 0% used [0x00000000e2c00000,0x00000000e2c00000,0x00000000e3780000)
 ParOldGen       total 96768K, used 19406K [0x0000000081200000, 0x0000000087080000, 0x00000000d5b80000)
  object space 96768K, 20% used [0x0000000081200000,0x00000000824f3968,0x0000000087080000)
 Metaspace       used 34947K, capacity 35145K, committed 35496K, reserved 1081344K
  class space    used 4205K, capacity 4257K, committed 4352K, reserved 1048576K
}

