# JRE version: Java(TM) SE Runtime Environment (8.0_20-b26) (build 1.8.0_20-b26)
# Java VM: Java HotSpot(TM) 64-Bit Server VM (25.20-b23 mixed mode windows-amd64 compressed oops)
Heap:
 PSYoungGen      total 184832K, used 45119K [0x00000000d5b80000, 0x00000000e6780000, 0x0000000100000000)
  eden space 176640K, 25% used [0x00000000d5b80000,0x00000000d878fe48,0x00000000e0800000)
  from space 8192K, 0% used [0x00000000e0800000,0x00000000e0800000,0x00000000e1000000)
  to   space 12800K, 0% used [0x00000000e5b00000,0x00000000e5b00000,0x00000000e6780000)
 ParOldGen       total 81408K, used 23884K [0x0000000081200000, 0x0000000086180000, 0x00000000d5b80000)
  object space 81408K, 29% used [0x0000000081200000,0x0000000082953230,0x0000000086180000)
 Metaspace       used 36116K, capacity 36399K, committed 36648K, reserved 1081344K
  class space    used 4315K, capacity 4390K, committed 4480K, reserved 1048576K
GC Heap History (10 events):
Event: 2.512 GC heap before
{Heap before GC invocations=7 (full 1):
 PSYoungGen      total 65024K, used 64993K [0x00000000d5b80000, 0x00000000dcf80000, 0x0000000100000000)
  eden space 59904K, 100% used [0x00000000d5b80000,0x00000000d9600000,0x00000000d9600000)
  from space 5120K, 99% used [0x00000000d9600000,0x00000000d9af87e0,0x00000000d9b00000)
  to   space 8192K, 0% used [0x00000000dc780000,0x00000000dc780000,0x00000000dcf80000)
 ParOldGen       total 47104K, used 6540K [0x0000000081200000, 0x0000000084000000, 0x00000000d5b80000)
  object space 47104K, 13% used [0x0000000081200000,0x00000000818633f8,0x0000000084000000)
 Metaspace       used 27646K, capacity 27837K, committed 28032K, reserved 1073152K
  class space    used 3401K, capacity 3437K, committed 3456K, reserved 1048576K
Event: 2.518 GC heap after
Heap after GC invocations=7 (full 1):
 PSYoungGen      total 110592K, used 3936K [0x00000000d5b80000, 0x00000000dd180000, 0x0000000100000000)
  eden space 102400K, 0% used [0x00000000d5b80000,0x00000000d5b80000,0x00000000dbf80000)
  from space 8192K, 48% used [0x00000000dc780000,0x00000000dcb58050,0x00000000dcf80000)
  to   space 8192K, 0% used [0x00000000dbf80000,0x00000000dbf80000,0x00000000dc780000)
 ParOldGen       total 47104K, used 6548K [0x0000000081200000, 0x0000000084000000, 0x00000000d5b80000)
  object space 47104K, 13% used [0x0000000081200000,0x00000000818653f8,0x0000000084000000)
 Metaspace       used 27646K, capacity 27837K, committed 28032K, reserved 1073152K
  class space    used 3401K, capacity 3437K, committed 3456K, reserved 1048576K
}
Event: 2.638 GC heap before
{Heap before GC invocations=8 (full 1):
 PSYoungGen      total 110592K, used 106336K [0x00000000d5b80000, 0x00000000dd180000, 0x0000000100000000)
  eden space 102400K, 100% used [0x00000000d5b80000,0x00000000dbf80000,0x00000000dbf80000)
  from space 8192K, 48% used [0x00000000dc780000,0x00000000dcb58050,0x00000000dcf80000)
  to   space 8192K, 0% used [0x00000000dbf80000,0x00000000dbf80000,0x00000000dc780000)
 ParOldGen       total 47104K, used 6548K [0x0000000081200000, 0x0000000084000000, 0x00000000d5b80000)
  object space 47104K, 13% used [0x0000000081200000,0x00000000818653f8,0x0000000084000000)
 Metaspace       used 27814K, capacity 27971K, committed 28288K, reserved 1075200K
  class space    used 3406K, capacity 3438K, committed 3456K, reserved 1048576K
Event: 2.644 GC heap after
Heap after GC invocations=8 (full 1):
 PSYoungGen      total 110592K, used 4177K [0x00000000d5b80000, 0x00000000e1780000, 0x0000000100000000)
  eden space 102400K, 0% used [0x00000000d5b80000,0x00000000d5b80000,0x00000000dbf80000)
  from space 8192K, 51% used [0x00000000dbf80000,0x00000000dc3947b8,0x00000000dc780000)
  to   space 7680K, 0% used [0x00000000e1000000,0x00000000e1000000,0x00000000e1780000)
 ParOldGen       total 47104K, used 6556K [0x0000000081200000, 0x0000000084000000, 0x00000000d5b80000)
  object space 47104K, 13% used [0x0000000081200000,0x00000000818673f8,0x0000000084000000)
 Metaspace       used 27814K, capacity 27971K, committed 28288K, reserved 1075200K
  class space    used 3406K, capacity 3438K, committed 3456K, reserved 1048576K
}
Event: 2.736 GC heap before
{Heap before GC invocations=9 (full 1):
 PSYoungGen      total 110592K, used 106577K [0x00000000d5b80000, 0x00000000e1780000, 0x0000000100000000)
  eden space 102400K, 100% used [0x00000000d5b80000,0x00000000dbf80000,0x00000000dbf80000)
  from space 8192K, 51% used [0x00000000dbf80000,0x00000000dc3947b8,0x00000000dc780000)
  to   space 7680K, 0% used [0x00000000e1000000,0x00000000e1000000,0x00000000e1780000)
 ParOldGen       total 47104K, used 6556K [0x0000000081200000, 0x0000000084000000, 0x00000000d5b80000)
  object space 47104K, 13% used [0x0000000081200000,0x00000000818673f8,0x0000000084000000)
 Metaspace       used 28281K, capacity 28425K, committed 28672K, reserved 1075200K
  class space    used 3458K, capacity 3503K, committed 3584K, reserved 1048576K
Event: 2.744 GC heap after
Heap after GC invocations=9 (full 1):
 PSYoungGen      total 184320K, used 1301K [0x00000000d5b80000, 0x00000000e1900000, 0x0000000100000000)
  eden space 176640K, 0% used [0x00000000d5b80000,0x00000000d5b80000,0x00000000e0800000)
  from space 7680K, 16% used [0x00000000e1000000,0x00000000e1145620,0x00000000e1780000)
  to   space 8192K, 0% used [0x00000000e0800000,0x00000000e0800000,0x00000000e1000000)
 ParOldGen       total 47104K, used 9803K [0x0000000081200000, 0x0000000084000000, 0x00000000d5b80000)
  object space 47104K, 20% used [0x0000000081200000,0x0000000081b92de8,0x0000000084000000)
 Metaspace       used 28281K, capacity 28425K, committed 28672K, reserved 1075200K
  class space    used 3458K, capacity 3503K, committed 3584K, reserved 1048576K
}
Event: 4.792 GC heap before
{Heap before GC invocations=10 (full 1):
 PSYoungGen      total 184320K, used 168504K [0x00000000d5b80000, 0x00000000e1900000, 0x0000000100000000)
  eden space 176640K, 94% used [0x00000000d5b80000,0x00000000dfec8d68,0x00000000e0800000)
  from space 7680K, 16% used [0x00000000e1000000,0x00000000e1145620,0x00000000e1780000)
  to   space 8192K, 0% used [0x00000000e0800000,0x00000000e0800000,0x00000000e1000000)
 ParOldGen       total 47104K, used 9803K [0x0000000081200000, 0x0000000084000000, 0x00000000d5b80000)
  object space 47104K, 20% used [0x0000000081200000,0x0000000081b92de8,0x0000000084000000)
 Metaspace       used 35051K, capacity 35241K, committed 35496K, reserved 1081344K
  class space    used 4237K, capacity 4289K, committed 4352K, reserved 1048576K
Event: 4.802 GC heap after
Heap after GC invocations=10 (full 1):
 PSYoungGen      total 184832K, used 8189K [0x00000000d5b80000, 0x00000000e6780000, 0x0000000100000000)
  eden space 176640K, 0% used [0x00000000d5b80000,0x00000000d5b80000,0x00000000e0800000)
  from space 8192K, 99% used [0x00000000e0800000,0x00000000e0fff5a8,0x00000000e1000000)
  to   space 12800K, 0% used [0x00000000e5b00000,0x00000000e5b00000,0x00000000e6780000)
 ParOldGen       total 47104K, used 17923K [0x0000000081200000, 0x0000000084000000, 0x00000000d5b80000)
  object space 47104K, 38% used [0x0000000081200000,0x0000000082380ec8,0x0000000084000000)
 Metaspace       used 35051K, capacity 35241K, committed 35496K, reserved 1081344K
  class space    used 4237K, capacity 4289K, committed 4352K, reserved 1048576K
}
Event: 4.802 GC heap before
{Heap before GC invocations=11 (full 2):
 PSYoungGen      total 184832K, used 8189K [0x00000000d5b80000, 0x00000000e6780000, 0x0000000100000000)
  eden space 176640K, 0% used [0x00000000d5b80000,0x00000000d5b80000,0x00000000e0800000)
  from space 8192K, 99% used [0x00000000e0800000,0x00000000e0fff5a8,0x00000000e1000000)
  to   space 12800K, 0% used [0x00000000e5b00000,0x00000000e5b00000,0x00000000e6780000)
 ParOldGen       total 47104K, used 17923K [0x0000000081200000, 0x0000000084000000, 0x00000000d5b80000)
  object space 47104K, 38% used [0x0000000081200000,0x0000000082380ec8,0x0000000084000000)
 Metaspace       used 35051K, capacity 35241K, committed 35496K, reserved 1081344K
  class space    used 4237K, capacity 4289K, committed 4352K, reserved 1048576K
Event: 4.893 GC heap after
Heap after GC invocations=11 (full 2):
 PSYoungGen      total 184832K, used 0K [0x00000000d5b80000, 0x00000000e6780000, 0x0000000100000000)
  eden space 176640K, 0% used [0x00000000d5b80000,0x00000000d5b80000,0x00000000e0800000)
  from space 8192K, 0% used [0x00000000e0800000,0x00000000e0800000,0x00000000e1000000)
  to   space 12800K, 0% used [0x00000000e5b00000,0x00000000e5b00000,0x00000000e6780000)
 ParOldGen       total 81408K, used 23884K [0x0000000081200000, 0x0000000086180000, 0x00000000d5b80000)
  object space 81408K, 29% used [0x0000000081200000,0x0000000082953230,0x0000000086180000)
 Metaspace       used 35051K, capacity 35241K, committed 35496K, reserved 1081344K
  class space    used 4237K, capacity 4289K, committed 4352K, reserved 1048576K
}

