# JRE version: Java(TM) SE Runtime Environment (8.0_20-b26) (build 1.8.0_20-b26)
# Java VM: Java HotSpot(TM) 64-Bit Server VM (25.20-b23 mixed mode windows-amd64 compressed oops)
Heap:
 PSYoungGen      total 239104K, used 18978K [0x00000000d5b80000, 0x00000000e9f00000, 0x0000000100000000)
  eden space 226304K, 8% used [0x00000000d5b80000,0x00000000d6e08868,0x00000000e3880000)
  from space 12800K, 0% used [0x00000000e3880000,0x00000000e3880000,0x00000000e4500000)
  to   space 12800K, 0% used [0x00000000e9280000,0x00000000e9280000,0x00000000e9f00000)
 ParOldGen       total 92160K, used 22715K [0x0000000081200000, 0x0000000086c00000, 0x00000000d5b80000)
  object space 92160K, 24% used [0x0000000081200000,0x000000008282ec28,0x0000000086c00000)
 Metaspace       used 35898K, capacity 36143K, committed 36516K, reserved 1081344K
  class space    used 4317K, capacity 4390K, committed 4428K, reserved 1048576K
GC Heap History (10 events):
Event: 2.705 GC heap before
{Heap before GC invocations=9 (full 1):
 PSYoungGen      total 103424K, used 97776K [0x00000000d5b80000, 0x00000000e0d80000, 0x0000000100000000)
  eden space 93696K, 100% used [0x00000000d5b80000,0x00000000db700000,0x00000000db700000)
  from space 9728K, 41% used [0x00000000db700000,0x00000000dbafc080,0x00000000dc080000)
  to   space 9216K, 0% used [0x00000000e0480000,0x00000000e0480000,0x00000000e0d80000)
 ParOldGen       total 55296K, used 7094K [0x0000000081200000, 0x0000000084800000, 0x00000000d5b80000)
  object space 55296K, 12% used [0x0000000081200000,0x00000000818ed8c0,0x0000000084800000)
 Metaspace       used 28200K, capacity 28359K, committed 28672K, reserved 1075200K
  class space    used 3454K, capacity 3502K, committed 3584K, reserved 1048576K
Event: 2.713 GC heap after
Heap after GC invocations=9 (full 1):
 PSYoungGen      total 171008K, used 4257K [0x00000000d5b80000, 0x00000000e0c00000, 0x0000000100000000)
  eden space 163328K, 0% used [0x00000000d5b80000,0x00000000d5b80000,0x00000000dfb00000)
  from space 7680K, 55% used [0x00000000e0480000,0x00000000e08a87b8,0x00000000e0c00000)
  to   space 8704K, 0% used [0x00000000dfb00000,0x00000000dfb00000,0x00000000e0380000)
 ParOldGen       total 55296K, used 7366K [0x0000000081200000, 0x0000000084800000, 0x00000000d5b80000)
  object space 55296K, 13% used [0x0000000081200000,0x0000000081931900,0x0000000084800000)
 Metaspace       used 28200K, capacity 28359K, committed 28672K, reserved 1075200K
  class space    used 3454K, capacity 3502K, committed 3584K, reserved 1048576K
}
Event: 4.527 GC heap before
{Heap before GC invocations=10 (full 1):
 PSYoungGen      total 171008K, used 167585K [0x00000000d5b80000, 0x00000000e0c00000, 0x0000000100000000)
  eden space 163328K, 100% used [0x00000000d5b80000,0x00000000dfb00000,0x00000000dfb00000)
  from space 7680K, 55% used [0x00000000e0480000,0x00000000e08a87b8,0x00000000e0c00000)
  to   space 8704K, 0% used [0x00000000dfb00000,0x00000000dfb00000,0x00000000e0380000)
 ParOldGen       total 55296K, used 7366K [0x0000000081200000, 0x0000000084800000, 0x00000000d5b80000)
  object space 55296K, 13% used [0x0000000081200000,0x0000000081931900,0x0000000084800000)
 Metaspace       used 33565K, capacity 33833K, committed 34176K, reserved 1079296K
  class space    used 4098K, capacity 4161K, committed 4224K, reserved 1048576K
Event: 4.538 GC heap after
Heap after GC invocations=10 (full 1):
 PSYoungGen      total 172032K, used 5582K [0x00000000d5b80000, 0x00000000e4e80000, 0x0000000100000000)
  eden space 163328K, 0% used [0x00000000d5b80000,0x00000000d5b80000,0x00000000dfb00000)
  from space 8704K, 64% used [0x00000000dfb00000,0x00000000e00739a0,0x00000000e0380000)
  to   space 8704K, 0% used [0x00000000e4600000,0x00000000e4600000,0x00000000e4e80000)
 ParOldGen       total 55296K, used 10707K [0x0000000081200000, 0x0000000084800000, 0x00000000d5b80000)
  object space 55296K, 19% used [0x0000000081200000,0x0000000081c74eb0,0x0000000084800000)
 Metaspace       used 33565K, capacity 33833K, committed 34176K, reserved 1079296K
  class space    used 4098K, capacity 4161K, committed 4224K, reserved 1048576K
}
Event: 5.227 GC heap before
{Heap before GC invocations=11 (full 1):
 PSYoungGen      total 172032K, used 75767K [0x00000000d5b80000, 0x00000000e4e80000, 0x0000000100000000)
  eden space 163328K, 42% used [0x00000000d5b80000,0x00000000da00a5c0,0x00000000dfb00000)
  from space 8704K, 64% used [0x00000000dfb00000,0x00000000e00739a0,0x00000000e0380000)
  to   space 8704K, 0% used [0x00000000e4600000,0x00000000e4600000,0x00000000e4e80000)
 ParOldGen       total 55296K, used 10707K [0x0000000081200000, 0x0000000084800000, 0x00000000d5b80000)
  object space 55296K, 19% used [0x0000000081200000,0x0000000081c74eb0,0x0000000084800000)
 Metaspace       used 34979K, capacity 35241K, committed 35672K, reserved 1081344K
  class space    used 4237K, capacity 4289K, committed 4352K, reserved 1048576K
Event: 5.237 GC heap after
Heap after GC invocations=11 (full 1):
 PSYoungGen      total 235008K, used 8697K [0x00000000d5b80000, 0x00000000e5180000, 0x0000000100000000)
  eden space 226304K, 0% used [0x00000000d5b80000,0x00000000d5b80000,0x00000000e3880000)
  from space 8704K, 99% used [0x00000000e4600000,0x00000000e4e7e5f8,0x00000000e4e80000)
  to   space 12800K, 0% used [0x00000000e3880000,0x00000000e3880000,0x00000000e4500000)
 ParOldGen       total 55296K, used 18832K [0x0000000081200000, 0x0000000084800000, 0x00000000d5b80000)
  object space 55296K, 34% used [0x0000000081200000,0x0000000082464280,0x0000000084800000)
 Metaspace       used 34979K, capacity 35241K, committed 35672K, reserved 1081344K
  class space    used 4237K, capacity 4289K, committed 4352K, reserved 1048576K
}
Event: 5.898 GC heap before
{Heap before GC invocations=12 (full 1):
 PSYoungGen      total 235008K, used 24243K [0x00000000d5b80000, 0x00000000e5180000, 0x0000000100000000)
  eden space 226304K, 6% used [0x00000000d5b80000,0x00000000d6aae618,0x00000000e3880000)
  from space 8704K, 99% used [0x00000000e4600000,0x00000000e4e7e5f8,0x00000000e4e80000)
  to   space 12800K, 0% used [0x00000000e3880000,0x00000000e3880000,0x00000000e4500000)
 ParOldGen       total 55296K, used 18832K [0x0000000081200000, 0x0000000084800000, 0x00000000d5b80000)
  object space 55296K, 34% used [0x0000000081200000,0x0000000082464280,0x0000000084800000)
 Metaspace       used 35298K, capacity 35497K, committed 35748K, reserved 1081344K
  class space    used 4280K, capacity 4353K, committed 4428K, reserved 1048576K
Event: 5.903 GC heap after
Heap after GC invocations=12 (full 1):
 PSYoungGen      total 239104K, used 854K [0x00000000d5b80000, 0x00000000e9f00000, 0x0000000100000000)
  eden space 226304K, 0% used [0x00000000d5b80000,0x00000000d5b80000,0x00000000e3880000)
  from space 12800K, 6% used [0x00000000e3880000,0x00000000e3955ba8,0x00000000e4500000)
  to   space 12800K, 0% used [0x00000000e9280000,0x00000000e9280000,0x00000000e9f00000)
 ParOldGen       total 55296K, used 25642K [0x0000000081200000, 0x0000000084800000, 0x00000000d5b80000)
  object space 55296K, 46% used [0x0000000081200000,0x0000000082b0ab88,0x0000000084800000)
 Metaspace       used 35298K, capacity 35497K, committed 35748K, reserved 1081344K
  class space    used 4280K, capacity 4353K, committed 4428K, reserved 1048576K
}
Event: 5.903 GC heap before
{Heap before GC invocations=13 (full 2):
 PSYoungGen      total 239104K, used 854K [0x00000000d5b80000, 0x00000000e9f00000, 0x0000000100000000)
  eden space 226304K, 0% used [0x00000000d5b80000,0x00000000d5b80000,0x00000000e3880000)
  from space 12800K, 6% used [0x00000000e3880000,0x00000000e3955ba8,0x00000000e4500000)
  to   space 12800K, 0% used [0x00000000e9280000,0x00000000e9280000,0x00000000e9f00000)
 ParOldGen       total 55296K, used 25642K [0x0000000081200000, 0x0000000084800000, 0x00000000d5b80000)
  object space 55296K, 46% used [0x0000000081200000,0x0000000082b0ab88,0x0000000084800000)
 Metaspace       used 35298K, capacity 35497K, committed 35748K, reserved 1081344K
  class space    used 4280K, capacity 4353K, committed 4428K, reserved 1048576K
Event: 5.988 GC heap after
Heap after GC invocations=13 (full 2):
 PSYoungGen      total 239104K, used 0K [0x00000000d5b80000, 0x00000000e9f00000, 0x0000000100000000)
  eden space 226304K, 0% used [0x00000000d5b80000,0x00000000d5b80000,0x00000000e3880000)
  from space 12800K, 0% used [0x00000000e3880000,0x00000000e3880000,0x00000000e4500000)
  to   space 12800K, 0% used [0x00000000e9280000,0x00000000e9280000,0x00000000e9f00000)
 ParOldGen       total 92160K, used 22715K [0x0000000081200000, 0x0000000086c00000, 0x00000000d5b80000)
  object space 92160K, 24% used [0x0000000081200000,0x000000008282ec28,0x0000000086c00000)
 Metaspace       used 35298K, capacity 35497K, committed 35748K, reserved 1081344K
  class space    used 4280K, capacity 4353K, committed 4428K, reserved 1048576K
}

