# JRE version: Java(TM) SE Runtime Environment (8.0_20-b26) (build 1.8.0_20-b26)
# Java VM: Java HotSpot(TM) 64-Bit Server VM (25.20-b23 mixed mode windows-amd64 compressed oops)
Heap:
 PSYoungGen      total 184832K, used 15341K [0x00000000d5b80000, 0x00000000e2000000, 0x0000000100000000)
  eden space 176640K, 8% used [0x00000000d5b80000,0x00000000d6a7b618,0x00000000e0800000)
  from space 8192K, 0% used [0x00000000e1500000,0x00000000e1500000,0x00000000e1d00000)
  to   space 12288K, 0% used [0x00000000e0800000,0x00000000e0800000,0x00000000e1400000)
 ParOldGen       total 93184K, used 23790K [0x0000000081200000, 0x0000000086d00000, 0x00000000d5b80000)
  object space 93184K, 25% used [0x0000000081200000,0x000000008293b898,0x0000000086d00000)
 Metaspace       used 35806K, capacity 36079K, committed 36392K, reserved 1081344K
  class space    used 4317K, capacity 4390K, committed 4480K, reserved 1048576K
GC Heap History (10 events):
Event: 2.710 GC heap before
{Heap before GC invocations=8 (full 1):
 PSYoungGen      total 90112K, used 85377K [0x00000000d5b80000, 0x00000000dc080000, 0x0000000100000000)
  eden space 81408K, 100% used [0x00000000d5b80000,0x00000000dab00000,0x00000000dab00000)
  from space 8704K, 45% used [0x00000000db380000,0x00000000db7607b8,0x00000000dbc00000)
  to   space 8704K, 0% used [0x00000000dab00000,0x00000000dab00000,0x00000000db380000)
 ParOldGen       total 54784K, used 6295K [0x0000000081200000, 0x0000000084780000, 0x00000000d5b80000)
  object space 54784K, 11% used [0x0000000081200000,0x0000000081825eb8,0x0000000084780000)
 Metaspace       used 27765K, capacity 27971K, committed 28288K, reserved 1075200K
  class space    used 3405K, capacity 3438K, committed 3456K, reserved 1048576K
Event: 2.717 GC heap after
Heap after GC invocations=8 (full 1):
 PSYoungGen      total 90112K, used 4033K [0x00000000d5b80000, 0x00000000ded00000, 0x0000000100000000)
  eden space 81408K, 0% used [0x00000000d5b80000,0x00000000d5b80000,0x00000000dab00000)
  from space 8704K, 46% used [0x00000000dab00000,0x00000000daef0778,0x00000000db380000)
  to   space 8192K, 0% used [0x00000000de500000,0x00000000de500000,0x00000000ded00000)
 ParOldGen       total 54784K, used 6303K [0x0000000081200000, 0x0000000084780000, 0x00000000d5b80000)
  object space 54784K, 11% used [0x0000000081200000,0x0000000081827eb8,0x0000000084780000)
 Metaspace       used 27765K, capacity 27971K, committed 28288K, reserved 1075200K
  class space    used 3405K, capacity 3438K, committed 3456K, reserved 1048576K
}
Event: 2.785 GC heap before
{Heap before GC invocations=9 (full 1):
 PSYoungGen      total 90112K, used 85441K [0x00000000d5b80000, 0x00000000ded00000, 0x0000000100000000)
  eden space 81408K, 100% used [0x00000000d5b80000,0x00000000dab00000,0x00000000dab00000)
  from space 8704K, 46% used [0x00000000dab00000,0x00000000daef0778,0x00000000db380000)
  to   space 8192K, 0% used [0x00000000de500000,0x00000000de500000,0x00000000ded00000)
 ParOldGen       total 54784K, used 6303K [0x0000000081200000, 0x0000000084780000, 0x00000000d5b80000)
  object space 54784K, 11% used [0x0000000081200000,0x0000000081827eb8,0x0000000084780000)
 Metaspace       used 27829K, capacity 28035K, committed 28288K, reserved 1075200K
  class space    used 3405K, capacity 3438K, committed 3456K, reserved 1048576K
Event: 2.792 GC heap after
Heap after GC invocations=9 (full 1):
 PSYoungGen      total 140288K, used 1024K [0x00000000d5b80000, 0x00000000df200000, 0x0000000100000000)
  eden space 132096K, 0% used [0x00000000d5b80000,0x00000000d5b80000,0x00000000ddc80000)
  from space 8192K, 12% used [0x00000000de500000,0x00000000de600030,0x00000000ded00000)
  to   space 8704K, 0% used [0x00000000ddc80000,0x00000000ddc80000,0x00000000de500000)
 ParOldGen       total 54784K, used 9554K [0x0000000081200000, 0x0000000084780000, 0x00000000d5b80000)
  object space 54784K, 17% used [0x0000000081200000,0x0000000081b54898,0x0000000084780000)
 Metaspace       used 27829K, capacity 28035K, committed 28288K, reserved 1075200K
  class space    used 3405K, capacity 3438K, committed 3456K, reserved 1048576K
}
Event: 3.981 GC heap before
{Heap before GC invocations=10 (full 1):
 PSYoungGen      total 140288K, used 133120K [0x00000000d5b80000, 0x00000000df200000, 0x0000000100000000)
  eden space 132096K, 100% used [0x00000000d5b80000,0x00000000ddc80000,0x00000000ddc80000)
  from space 8192K, 12% used [0x00000000de500000,0x00000000de600030,0x00000000ded00000)
  to   space 8704K, 0% used [0x00000000ddc80000,0x00000000ddc80000,0x00000000de500000)
 ParOldGen       total 54784K, used 9554K [0x0000000081200000, 0x0000000084780000, 0x00000000d5b80000)
  object space 54784K, 17% used [0x0000000081200000,0x0000000081b54898,0x0000000084780000)
 Metaspace       used 32249K, capacity 32467K, committed 32768K, reserved 1077248K
  class space    used 3960K, capacity 4030K, committed 4096K, reserved 1048576K
Event: 3.990 GC heap after
Heap after GC invocations=10 (full 1):
 PSYoungGen      total 140800K, used 3065K [0x00000000d5b80000, 0x00000000e1d00000, 0x0000000100000000)
  eden space 132096K, 0% used [0x00000000d5b80000,0x00000000d5b80000,0x00000000ddc80000)
  from space 8704K, 35% used [0x00000000ddc80000,0x00000000ddf7e618,0x00000000de500000)
  to   space 8192K, 0% used [0x00000000e1500000,0x00000000e1500000,0x00000000e1d00000)
 ParOldGen       total 54784K, used 9930K [0x0000000081200000, 0x0000000084780000, 0x00000000d5b80000)
  object space 54784K, 18% used [0x0000000081200000,0x0000000081bb2898,0x0000000084780000)
 Metaspace       used 32249K, capacity 32467K, committed 32768K, reserved 1077248K
  class space    used 3960K, capacity 4030K, committed 4096K, reserved 1048576K
}
Event: 5.680 GC heap before
{Heap before GC invocations=11 (full 1):
 PSYoungGen      total 140800K, used 100144K [0x00000000d5b80000, 0x00000000e1d00000, 0x0000000100000000)
  eden space 132096K, 73% used [0x00000000d5b80000,0x00000000dba4dc68,0x00000000ddc80000)
  from space 8704K, 35% used [0x00000000ddc80000,0x00000000ddf7e618,0x00000000de500000)
  to   space 8192K, 0% used [0x00000000e1500000,0x00000000e1500000,0x00000000e1d00000)
 ParOldGen       total 54784K, used 9930K [0x0000000081200000, 0x0000000084780000, 0x00000000d5b80000)
  object space 54784K, 18% used [0x0000000081200000,0x0000000081bb2898,0x0000000084780000)
 Metaspace       used 35066K, capacity 35273K, committed 35496K, reserved 1081344K
  class space    used 4248K, capacity 4321K, committed 4352K, reserved 1048576K
Event: 5.689 GC heap after
Heap after GC invocations=11 (full 1):
 PSYoungGen      total 184832K, used 8176K [0x00000000d5b80000, 0x00000000e2000000, 0x0000000100000000)
  eden space 176640K, 0% used [0x00000000d5b80000,0x00000000d5b80000,0x00000000e0800000)
  from space 8192K, 99% used [0x00000000e1500000,0x00000000e1cfc310,0x00000000e1d00000)
  to   space 12288K, 0% used [0x00000000e0800000,0x00000000e0800000,0x00000000e1400000)
 ParOldGen       total 54784K, used 17595K [0x0000000081200000, 0x0000000084780000, 0x00000000d5b80000)
  object space 54784K, 32% used [0x0000000081200000,0x000000008232ef70,0x0000000084780000)
 Metaspace       used 35066K, capacity 35273K, committed 35496K, reserved 1081344K
  class space    used 4248K, capacity 4321K, committed 4352K, reserved 1048576K
}
Event: 5.689 GC heap before
{Heap before GC invocations=12 (full 2):
 PSYoungGen      total 184832K, used 8176K [0x00000000d5b80000, 0x00000000e2000000, 0x0000000100000000)
  eden space 176640K, 0% used [0x00000000d5b80000,0x00000000d5b80000,0x00000000e0800000)
  from space 8192K, 99% used [0x00000000e1500000,0x00000000e1cfc310,0x00000000e1d00000)
  to   space 12288K, 0% used [0x00000000e0800000,0x00000000e0800000,0x00000000e1400000)
 ParOldGen       total 54784K, used 17595K [0x0000000081200000, 0x0000000084780000, 0x00000000d5b80000)
  object space 54784K, 32% used [0x0000000081200000,0x000000008232ef70,0x0000000084780000)
 Metaspace       used 35066K, capacity 35273K, committed 35496K, reserved 1081344K
  class space    used 4248K, capacity 4321K, committed 4352K, reserved 1048576K
Event: 5.770 GC heap after
Heap after GC invocations=12 (full 2):
 PSYoungGen      total 184832K, used 0K [0x00000000d5b80000, 0x00000000e2000000, 0x0000000100000000)
  eden space 176640K, 0% used [0x00000000d5b80000,0x00000000d5b80000,0x00000000e0800000)
  from space 8192K, 0% used [0x00000000e1500000,0x00000000e1500000,0x00000000e1d00000)
  to   space 12288K, 0% used [0x00000000e0800000,0x00000000e0800000,0x00000000e1400000)
 ParOldGen       total 93184K, used 23790K [0x0000000081200000, 0x0000000086d00000, 0x00000000d5b80000)
  object space 93184K, 25% used [0x0000000081200000,0x000000008293b898,0x0000000086d00000)
 Metaspace       used 35066K, capacity 35273K, committed 35496K, reserved 1081344K
  class space    used 4248K, capacity 4321K, committed 4352K, reserved 1048576K
}

