# JRE version: Java(TM) SE Runtime Environment (8.0_20-b26) (build 1.8.0_20-b26)
# Java VM: Java HotSpot(TM) 64-Bit Server VM (25.20-b23 mixed mode windows-amd64 compressed oops)
Heap:
 PSYoungGen      total 184832K, used 17561K [0x00000000d5b80000, 0x00000000e1e00000, 0x0000000100000000)
  eden space 176640K, 9% used [0x00000000d5b80000,0x00000000d6ca64e0,0x00000000e0800000)
  from space 8192K, 0% used [0x00000000e1480000,0x00000000e1480000,0x00000000e1c80000)
  to   space 11264K, 0% used [0x00000000e0800000,0x00000000e0800000,0x00000000e1300000)
 ParOldGen       total 89600K, used 20700K [0x0000000081200000, 0x0000000086980000, 0x00000000d5b80000)
  object space 89600K, 23% used [0x0000000081200000,0x0000000082637178,0x0000000086980000)
 Metaspace       used 35662K, capacity 35919K, committed 36392K, reserved 1081344K
  class space    used 4304K, capacity 4358K, committed 4480K, reserved 1048576K
GC Heap History (10 events):
Event: 2.731 GC heap before
{Heap before GC invocations=8 (full 1):
 PSYoungGen      total 90624K, used 86180K [0x00000000d5b80000, 0x00000000dc200000, 0x0000000100000000)
  eden space 81920K, 100% used [0x00000000d5b80000,0x00000000dab80000,0x00000000dab80000)
  from space 8704K, 48% used [0x00000000db400000,0x00000000db829218,0x00000000dbc80000)
  to   space 8704K, 0% used [0x00000000dab80000,0x00000000dab80000,0x00000000db400000)
 ParOldGen       total 53760K, used 7530K [0x0000000081200000, 0x0000000084680000, 0x00000000d5b80000)
  object space 53760K, 14% used [0x0000000081200000,0x000000008195aab0,0x0000000084680000)
 Metaspace       used 27990K, capacity 28163K, committed 28416K, reserved 1075200K
  class space    used 3446K, capacity 3502K, committed 3584K, reserved 1048576K
Event: 2.736 GC heap after
Heap after GC invocations=8 (full 1):
 PSYoungGen      total 90624K, used 4347K [0x00000000d5b80000, 0x00000000ded80000, 0x0000000100000000)
  eden space 81920K, 0% used [0x00000000d5b80000,0x00000000d5b80000,0x00000000dab80000)
  from space 8704K, 49% used [0x00000000dab80000,0x00000000dafbec38,0x00000000db400000)
  to   space 8192K, 0% used [0x00000000de580000,0x00000000de580000,0x00000000ded80000)
 ParOldGen       total 53760K, used 7538K [0x0000000081200000, 0x0000000084680000, 0x00000000d5b80000)
  object space 53760K, 14% used [0x0000000081200000,0x000000008195cab0,0x0000000084680000)
 Metaspace       used 27990K, capacity 28163K, committed 28416K, reserved 1075200K
  class space    used 3446K, capacity 3502K, committed 3584K, reserved 1048576K
}
Event: 2.802 GC heap before
{Heap before GC invocations=9 (full 1):
 PSYoungGen      total 90624K, used 86267K [0x00000000d5b80000, 0x00000000ded80000, 0x0000000100000000)
  eden space 81920K, 100% used [0x00000000d5b80000,0x00000000dab80000,0x00000000dab80000)
  from space 8704K, 49% used [0x00000000dab80000,0x00000000dafbec38,0x00000000db400000)
  to   space 8192K, 0% used [0x00000000de580000,0x00000000de580000,0x00000000ded80000)
 ParOldGen       total 53760K, used 7538K [0x0000000081200000, 0x0000000084680000, 0x00000000d5b80000)
  object space 53760K, 14% used [0x0000000081200000,0x000000008195cab0,0x0000000084680000)
 Metaspace       used 28170K, capacity 28387K, committed 28672K, reserved 1075200K
  class space    used 3460K, capacity 3534K, committed 3584K, reserved 1048576K
Event: 2.808 GC heap after
Heap after GC invocations=9 (full 1):
 PSYoungGen      total 140800K, used 1371K [0x00000000d5b80000, 0x00000000df180000, 0x0000000100000000)
  eden space 132608K, 0% used [0x00000000d5b80000,0x00000000d5b80000,0x00000000ddd00000)
  from space 8192K, 16% used [0x00000000de580000,0x00000000de6d6c48,0x00000000ded80000)
  to   space 8704K, 0% used [0x00000000ddd00000,0x00000000ddd00000,0x00000000de580000)
 ParOldGen       total 53760K, used 10749K [0x0000000081200000, 0x0000000084680000, 0x00000000d5b80000)
  object space 53760K, 19% used [0x0000000081200000,0x0000000081c7f6d0,0x0000000084680000)
 Metaspace       used 28170K, capacity 28387K, committed 28672K, reserved 1075200K
  class space    used 3460K, capacity 3534K, committed 3584K, reserved 1048576K
}
Event: 4.030 GC heap before
{Heap before GC invocations=10 (full 1):
 PSYoungGen      total 140800K, used 133979K [0x00000000d5b80000, 0x00000000df180000, 0x0000000100000000)
  eden space 132608K, 100% used [0x00000000d5b80000,0x00000000ddd00000,0x00000000ddd00000)
  from space 8192K, 16% used [0x00000000de580000,0x00000000de6d6c48,0x00000000ded80000)
  to   space 8704K, 0% used [0x00000000ddd00000,0x00000000ddd00000,0x00000000de580000)
 ParOldGen       total 53760K, used 10749K [0x0000000081200000, 0x0000000084680000, 0x00000000d5b80000)
  object space 53760K, 19% used [0x0000000081200000,0x0000000081c7f6d0,0x0000000084680000)
 Metaspace       used 32539K, capacity 32819K, committed 33024K, reserved 1079296K
  class space    used 3998K, capacity 4062K, committed 4096K, reserved 1048576K
Event: 4.040 GC heap after
Heap after GC invocations=10 (full 1):
 PSYoungGen      total 141312K, used 4623K [0x00000000d5b80000, 0x00000000e1c80000, 0x0000000100000000)
  eden space 132608K, 0% used [0x00000000d5b80000,0x00000000d5b80000,0x00000000ddd00000)
  from space 8704K, 53% used [0x00000000ddd00000,0x00000000de183d38,0x00000000de580000)
  to   space 8192K, 0% used [0x00000000e1480000,0x00000000e1480000,0x00000000e1c80000)
 ParOldGen       total 53760K, used 11173K [0x0000000081200000, 0x0000000084680000, 0x00000000d5b80000)
  object space 53760K, 20% used [0x0000000081200000,0x0000000081ce96d0,0x0000000084680000)
 Metaspace       used 32539K, capacity 32819K, committed 33024K, reserved 1079296K
  class space    used 3998K, capacity 4062K, committed 4096K, reserved 1048576K
}
Event: 5.448 GC heap before
{Heap before GC invocations=11 (full 1):
 PSYoungGen      total 141312K, used 82280K [0x00000000d5b80000, 0x00000000e1c80000, 0x0000000100000000)
  eden space 132608K, 58% used [0x00000000d5b80000,0x00000000da756510,0x00000000ddd00000)
  from space 8704K, 53% used [0x00000000ddd00000,0x00000000de183d38,0x00000000de580000)
  to   space 8192K, 0% used [0x00000000e1480000,0x00000000e1480000,0x00000000e1c80000)
 ParOldGen       total 53760K, used 11173K [0x0000000081200000, 0x0000000084680000, 0x00000000d5b80000)
  object space 53760K, 20% used [0x0000000081200000,0x0000000081ce96d0,0x0000000084680000)
 Metaspace       used 35085K, capacity 35281K, committed 35496K, reserved 1081344K
  class space    used 4268K, capacity 4321K, committed 4352K, reserved 1048576K
Event: 5.459 GC heap after
Heap after GC invocations=11 (full 1):
 PSYoungGen      total 184832K, used 8174K [0x00000000d5b80000, 0x00000000e1e00000, 0x0000000100000000)
  eden space 176640K, 0% used [0x00000000d5b80000,0x00000000d5b80000,0x00000000e0800000)
  from space 8192K, 99% used [0x00000000e1480000,0x00000000e1c7bb68,0x00000000e1c80000)
  to   space 11264K, 0% used [0x00000000e0800000,0x00000000e0800000,0x00000000e1300000)
 ParOldGen       total 53760K, used 16430K [0x0000000081200000, 0x0000000084680000, 0x00000000d5b80000)
  object space 53760K, 30% used [0x0000000081200000,0x000000008220ba30,0x0000000084680000)
 Metaspace       used 35085K, capacity 35281K, committed 35496K, reserved 1081344K
  class space    used 4268K, capacity 4321K, committed 4352K, reserved 1048576K
}
Event: 5.459 GC heap before
{Heap before GC invocations=12 (full 2):
 PSYoungGen      total 184832K, used 8174K [0x00000000d5b80000, 0x00000000e1e00000, 0x0000000100000000)
  eden space 176640K, 0% used [0x00000000d5b80000,0x00000000d5b80000,0x00000000e0800000)
  from space 8192K, 99% used [0x00000000e1480000,0x00000000e1c7bb68,0x00000000e1c80000)
  to   space 11264K, 0% used [0x00000000e0800000,0x00000000e0800000,0x00000000e1300000)
 ParOldGen       total 53760K, used 16430K [0x0000000081200000, 0x0000000084680000, 0x00000000d5b80000)
  object space 53760K, 30% used [0x0000000081200000,0x000000008220ba30,0x0000000084680000)
 Metaspace       used 35085K, capacity 35281K, committed 35496K, reserved 1081344K
  class space    used 4268K, capacity 4321K, committed 4352K, reserved 1048576K
Event: 5.555 GC heap after
Heap after GC invocations=12 (full 2):
 PSYoungGen      total 184832K, used 0K [0x00000000d5b80000, 0x00000000e1e00000, 0x0000000100000000)
  eden space 176640K, 0% used [0x00000000d5b80000,0x00000000d5b80000,0x00000000e0800000)
  from space 8192K, 0% used [0x00000000e1480000,0x00000000e1480000,0x00000000e1c80000)
  to   space 11264K, 0% used [0x00000000e0800000,0x00000000e0800000,0x00000000e1300000)
 ParOldGen       total 89600K, used 20700K [0x0000000081200000, 0x0000000086980000, 0x00000000d5b80000)
  object space 89600K, 23% used [0x0000000081200000,0x0000000082637178,0x0000000086980000)
 Metaspace       used 35085K, capacity 35281K, committed 35496K, reserved 1081344K
  class space    used 4268K, capacity 4321K, committed 4352K, reserved 1048576K
}

